<?xml version="1.0" encoding="UTF-8"?>
<testng-results ignored="0" total="3" passed="3" failed="0" skipped="0">
  <reporter-output>
  </reporter-output>
  <suite started-at="2024-06-17T13:39:01 IST" name="Suite" finished-at="2024-06-17T13:39:28 IST" duration-ms="27237">
    <groups>
    </groups>
    <test started-at="2024-06-17T13:39:01 IST" name="Test2" finished-at="2024-06-17T13:39:27 IST" duration-ms="26345">
      <class name="TestCases.TestCase02">
        <test-method is-config="true" signature="setup()[pri:0, instance:TestCases.TestCase02@6989da5e]" started-at="2024-06-17T13:39:01 IST" name="setup" finished-at="2024-06-17T13:39:23 IST" duration-ms="21685" status="PASS">
          <reporter-output>
          </reporter-output>
        </test-method> <!-- setup -->
        <test-method is-config="true" signature="setup1()[pri:0, instance:TestCases.TestCase02@6989da5e]" started-at="2024-06-17T13:39:23 IST" name="setup1" finished-at="2024-06-17T13:39:23 IST" duration-ms="101" status="PASS">
          <reporter-output>
          </reporter-output>
        </test-method> <!-- setup1 -->
        <test-method signature="test4()[pri:0, instance:TestCases.TestCase02@6989da5e]" started-at="2024-06-17T13:39:23 IST" name="test4" finished-at="2024-06-17T13:39:23 IST" duration-ms="227" status="PASS">
          <reporter-output>
          </reporter-output>
        </test-method> <!-- test4 -->
        <test-method is-config="true" signature="setup1()[pri:0, instance:TestCases.TestCase02@6989da5e]" started-at="2024-06-17T13:39:23 IST" name="setup1" finished-at="2024-06-17T13:39:23 IST" duration-ms="1" status="PASS">
          <reporter-output>
          </reporter-output>
        </test-method> <!-- setup1 -->
        <test-method signature="test5()[pri:0, instance:TestCases.TestCase02@6989da5e]" started-at="2024-06-17T13:39:23 IST" name="test5" finished-at="2024-06-17T13:39:27 IST" duration-ms="4195" status="PASS">
          <reporter-output>
          </reporter-output>
        </test-method> <!-- test5 -->
      </class> <!-- TestCases.TestCase02 -->
    </test> <!-- Test2 -->
    <test started-at="2024-06-17T13:39:01 IST" name="Test" finished-at="2024-06-17T13:39:28 IST" duration-ms="27237">
      <class name="TestCases.TestCase01">
        <test-method is-config="true" signature="setup()[pri:0, instance:TestCases.TestCase01@14cd1699]" started-at="2024-06-17T13:39:01 IST" name="setup" finished-at="2024-06-17T13:39:23 IST" duration-ms="21765" status="PASS">
          <reporter-output>
          </reporter-output>
        </test-method> <!-- setup -->
        <test-method is-config="true" signature="setUpPage()[pri:0, instance:TestCases.TestCase01@14cd1699]" started-at="2024-06-17T13:39:23 IST" name="setUpPage" finished-at="2024-06-17T13:39:23 IST" duration-ms="115" status="PASS">
          <reporter-output>
          </reporter-output>
        </test-method> <!-- setUpPage -->
        <test-method signature="searcf()[pri:0, instance:TestCases.TestCase01@14cd1699]" started-at="2024-06-17T13:39:23 IST" name="searcf" finished-at="2024-06-17T13:39:28 IST" duration-ms="5327" status="PASS">
          <reporter-output>
          </reporter-output>
        </test-method> <!-- searcf -->
      </class> <!-- TestCases.TestCase01 -->
    </test> <!-- Test -->
  </suite> <!-- Suite -->
</testng-results>
